<?xml version="1.0" encoding="UTF-8"?>
<coverage generated="1565288088">
    <project timestamp="1565288088">
        <package name="QuantFrame\Auth">
            <file name="/home/quantick/projects/homepage/framework/Auth/AuthManager.php">
                <class name="QuantFrame\Auth\AuthManager" namespace="QuantFrame\Auth">
                    <metrics complexity="24" methods="10" coveredmethods="6" conditionals="0" coveredconditionals="0"
                             statements="54" coveredstatements="43" elements="64" coveredelements="49"/>
                </class>
                <line num="38" type="method" name="__construct" visibility="public" complexity="1" crap="1" count="6"/>
                <line num="42" type="stmt" count="6"/>
                <line num="43" type="stmt" count="6"/>
                <line num="48" type="method" name="setSession" visibility="public" complexity="1" crap="1" count="6"/>
                <line num="50" type="stmt" count="6"/>
                <line num="51" type="stmt" count="6"/>
                <line num="56" type="method" name="getToken" visibility="public" complexity="2" crap="2" count="2"/>
                <line num="58" type="stmt" count="2"/>
                <line num="64" type="method" name="isLoggedIn" visibility="public" complexity="1" crap="1" count="1"/>
                <line num="66" type="stmt" count="1"/>
                <line num="67" type="stmt" count="1"/>
                <line num="73" type="method" name="parseToken" visibility="private" complexity="3" crap="3" count="5"/>
                <line num="76" type="stmt" count="5"/>
                <line num="79" type="stmt" count="5"/>
                <line num="81" type="stmt" count="5"/>
                <line num="87" type="method" name="initialize" visibility="public" complexity="5" crap="5.39"
                      count="5"/>
                <line num="90" type="stmt" count="5"/>
                <line num="92" type="stmt" count="5"/>
                <line num="93" type="stmt" count="1"/>
                <line num="94" type="stmt" count="0"/>
                <line num="97" type="stmt" count="4"/>
                <line num="98" type="stmt" count="1"/>
                <line num="99" type="stmt" count="0"/>
                <line num="102" type="stmt" count="3"/>
                <line num="104" type="stmt" count="3"/>
                <line num="105" type="stmt" count="3"/>
                <line num="106" type="stmt" count="1"/>
                <line num="107" type="stmt" count="0"/>
                <line num="109" type="stmt" count="2"/>
                <line num="110" type="stmt" count="2"/>
                <line num="113" type="stmt" count="0"/>
                <line num="114" type="stmt" count="5"/>
                <line num="120" type="method" name="logout" visibility="public" complexity="1" crap="1.02" count="3"/>
                <line num="123" type="stmt" count="3"/>
                <line num="124" type="stmt" count="3"/>
                <line num="125" type="stmt" count="0"/>
                <line num="126" type="stmt" count="3"/>
                <line num="133" type="method" name="getUserByToken" visibility="private" complexity="2" crap="2.06"
                      count="3"/>
                <line num="136" type="stmt" count="3"/>
                <line num="137" type="stmt" count="3"/>
                <line num="139" type="stmt" count="0"/>
                <line num="140" type="stmt" count="3"/>
                <line num="147" type="method" name="getUser" visibility="public" complexity="2" crap="2" count="1"/>
                <line num="150" type="stmt" count="1"/>
                <line num="151" type="stmt" count="1"/>
                <line num="158" type="method" name="authenticate" visibility="public" complexity="6" crap="6.77"
                      count="1"/>
                <line num="161" type="stmt" count="1"/>
                <line num="162" type="stmt" count="1"/>
                <line num="163" type="stmt" count="0"/>
                <line num="166" type="stmt" count="1"/>
                <line num="168" type="stmt" count="1"/>
                <line num="169" type="stmt" count="1"/>
                <line num="170" type="stmt" count="0"/>
                <line num="173" type="stmt" count="1"/>
                <line num="174" type="stmt" count="1"/>
                <line num="175" type="stmt" count="0"/>
                <line num="178" type="stmt" count="1"/>
                <line num="179" type="stmt" count="1"/>
                <line num="180" type="stmt" count="0"/>
                <line num="183" type="stmt" count="1"/>
                <line num="184" type="stmt" count="1"/>
                <line num="186" type="stmt" count="1"/>
                <line num="188" type="stmt" count="0"/>
                <line num="189" type="stmt" count="1"/>
                <metrics loc="191" ncloc="143" classes="1" methods="10" coveredmethods="6" conditionals="0"
                         coveredconditionals="0" statements="54" coveredstatements="43" elements="64"
                         coveredelements="49"/>
            </file>
            <file name="/home/quantick/projects/homepage/framework/Auth/Credentials.php">
                <class name="QuantFrame\Auth\Credentials" namespace="QuantFrame\Auth">
                    <metrics complexity="2" methods="2" coveredmethods="2" conditionals="0" coveredconditionals="0"
                             statements="4" coveredstatements="4" elements="6" coveredelements="6"/>
                </class>
                <line num="23" type="method" name="__construct" visibility="public" complexity="1" crap="1" count="1"/>
                <line num="25" type="stmt" count="1"/>
                <line num="26" type="stmt" count="1"/>
                <line num="27" type="stmt" count="1"/>
                <line num="34" type="method" name="create" visibility="public" complexity="1" crap="1" count="1"/>
                <line num="36" type="stmt" count="1"/>
                <metrics loc="37" ncloc="21" classes="1" methods="2" coveredmethods="2" conditionals="0"
                         coveredconditionals="0" statements="4" coveredstatements="4" elements="6" coveredelements="6"/>
            </file>
        </package>
        <package name="QuantFrame\Auth\Exception">
            <file name="/home/quantick/projects/homepage/framework/Auth/Exception/PasswordDoesntMatch.php">
                <class name="QuantFrame\Auth\Exception\PasswordDoesntMatch" namespace="QuantFrame\Auth\Exception">
                    <metrics complexity="0" methods="0" coveredmethods="0" conditionals="0" coveredconditionals="0"
                             statements="0" coveredstatements="0" elements="0" coveredelements="0"/>
                </class>
                <metrics loc="9" ncloc="9" classes="0" methods="0" coveredmethods="0" conditionals="0"
                         coveredconditionals="0" statements="0" coveredstatements="0" elements="0" coveredelements="0"/>
            </file>
            <file name="/home/quantick/projects/homepage/framework/Auth/Exception/Unauhorized.php">
                <class name="QuantFrame\Auth\Exception\Unauhorized" namespace="QuantFrame\Auth\Exception">
                    <metrics complexity="0" methods="0" coveredmethods="0" conditionals="0" coveredconditionals="0"
                             statements="0" coveredstatements="0" elements="0" coveredelements="0"/>
                </class>
                <metrics loc="9" ncloc="9" classes="0" methods="0" coveredmethods="0" conditionals="0"
                         coveredconditionals="0" statements="0" coveredstatements="0" elements="0" coveredelements="0"/>
            </file>
        </package>
        <file name="/home/quantick/projects/homepage/framework/Auth/Provider/AuthProvider.php">
            <metrics loc="24" ncloc="14" classes="0" methods="0" coveredmethods="0" conditionals="0"
                     coveredconditionals="0" statements="0" coveredstatements="0" elements="0" coveredelements="0"/>
        </file>
        <package name="QuantFrame\Auth\Provider">
            <file name="/home/quantick/projects/homepage/framework/Auth/Provider/DatabaseAuthProvider.php">
                <class name="QuantFrame\Auth\Provider\DatabaseAuthProvider" namespace="QuantFrame\Auth\Provider">
                    <metrics complexity="3" methods="3" coveredmethods="3" conditionals="0" coveredconditionals="0"
                             statements="4" coveredstatements="4" elements="7" coveredelements="7"/>
                </class>
                <line num="23" type="method" name="__construct" visibility="public" complexity="1" crap="1" count="2"/>
                <line num="25" type="stmt" count="2"/>
                <line num="26" type="stmt" count="2"/>
                <line num="33" type="method" name="getByUsername" visibility="public" complexity="1" crap="1"
                      count="1"/>
                <line num="35" type="stmt" count="1"/>
                <line num="43" type="method" name="getById" visibility="public" complexity="1" crap="1" count="1"/>
                <line num="45" type="stmt" count="1"/>
                <metrics loc="46" ncloc="29" classes="1" methods="3" coveredmethods="3" conditionals="0"
                         coveredconditionals="0" statements="4" coveredstatements="4" elements="7" coveredelements="7"/>
            </file>
        </package>
        <file name="/home/quantick/projects/homepage/framework/Auth/Token/TokenInterface.php">
            <metrics loc="18" ncloc="12" classes="0" methods="0" coveredmethods="0" conditionals="0"
                     coveredconditionals="0" statements="0" coveredstatements="0" elements="0" coveredelements="0"/>
        </file>
        <package name="QuantFrame\Auth\Token">
            <file name="/home/quantick/projects/homepage/framework/Auth/Token/UserToken.php">
                <class name="QuantFrame\Auth\Token\UserToken" namespace="QuantFrame\Auth\Token">
                    <metrics complexity="7" methods="5" coveredmethods="4" conditionals="0" coveredconditionals="0"
                             statements="13" coveredstatements="12" elements="18" coveredelements="16"/>
                </class>
                <line num="24" type="method" name="__construct" visibility="public" complexity="1" crap="1" count="5"/>
                <line num="26" type="stmt" count="5"/>
                <line num="27" type="stmt" count="5"/>
                <line num="28" type="stmt" count="5"/>
                <line num="36" type="method" name="serialize" visibility="public" complexity="1" crap="1" count="5"/>
                <line num="38" type="stmt" count="5"/>
                <line num="50" type="method" name="unserialize" visibility="public" complexity="3" crap="3.03"
                      count="4"/>
                <line num="55" type="stmt" count="4"/>
                <line num="56" type="stmt" count="4"/>
                <line num="58" type="stmt" count="4"/>
                <line num="59" type="stmt" count="0"/>
                <line num="62" type="stmt" count="4"/>
                <line num="63" type="stmt" count="4"/>
                <line num="64" type="stmt" count="4"/>
                <line num="69" type="method" name="getId" visibility="public" complexity="1" crap="1" count="3"/>
                <line num="71" type="stmt" count="3"/>
                <line num="77" type="method" name="getSessid" visibility="public" complexity="1" crap="1" count="4"/>
                <line num="79" type="stmt" count="4"/>
                <metrics loc="80" ncloc="44" classes="1" methods="5" coveredmethods="4" conditionals="0"
                         coveredconditionals="0" statements="13" coveredstatements="12" elements="18"
                         coveredelements="16"/>
            </file>
        </package>
        <package name="QuantFrame\Database\ActiveRecord\Annotation">
            <file name="/home/quantick/projects/homepage/framework/Database/ActiveRecord/Annotation/Field.php">
                <class name="QuantFrame\Database\ActiveRecord\Annotation\Field"
                       namespace="QuantFrame\Database\ActiveRecord\Annotation" fullPackage="QuantFrame"
                       package="QuantFrame">
                    <metrics complexity="0" methods="0" coveredmethods="0" conditionals="0" coveredconditionals="0"
                             statements="0" coveredstatements="0" elements="0" coveredelements="0"/>
                </class>
                <metrics loc="33" ncloc="15" classes="0" methods="0" coveredmethods="0" conditionals="0"
                         coveredconditionals="0" statements="0" coveredstatements="0" elements="0" coveredelements="0"/>
            </file>
        </package>
        <file name="/home/quantick/projects/homepage/framework/Database/ActiveRecord/Builder/BaseQuery.php">
            <metrics loc="17" ncloc="11" classes="0" methods="0" coveredmethods="0" conditionals="0"
                     coveredconditionals="0" statements="0" coveredstatements="0" elements="0" coveredelements="0"/>
        </file>
        <package name="QuantFrame\Database\ActiveRecord\Builder">
            <file name="/home/quantick/projects/homepage/framework/Database/ActiveRecord/Builder/Delete.php">
                <class name="QuantFrame\Database\ActiveRecord\Builder\Delete"
                       namespace="QuantFrame\Database\ActiveRecord\Builder">
                    <metrics complexity="8" methods="8" coveredmethods="0" conditionals="0" coveredconditionals="0"
                             statements="32" coveredstatements="0" elements="40" coveredelements="0"/>
                </class>
                <line num="26" type="method" name="__construct" visibility="public" complexity="1" crap="2.00"
                      count="0"/>
                <line num="27" type="stmt" count="0"/>
                <line num="28" type="stmt" count="0"/>
                <line num="29" type="stmt" count="0"/>
                <line num="30" type="stmt" count="0"/>
                <line num="31" type="stmt" count="0"/>
                <line num="32" type="stmt" count="0"/>
                <line num="33" type="stmt" count="0"/>
                <line num="38" type="method" name="execute" visibility="public" complexity="1" crap="2.00" count="0"/>
                <line num="39" type="stmt" count="0"/>
                <line num="40" type="stmt" count="0"/>
                <line num="41" type="stmt" count="0"/>
                <line num="46" type="method" name="toSql" visibility="public" complexity="1" crap="2.00" count="0"/>
                <line num="47" type="stmt" count="0"/>
                <line num="48" type="stmt" count="0"/>
                <line num="49" type="stmt" count="0"/>
                <line num="62" type="method" name="bindValue" visibility="public" complexity="1" crap="2.00" count="0"/>
                <line num="63" type="stmt" count="0"/>
                <line num="64" type="stmt" count="0"/>
                <line num="66" type="stmt" count="0"/>
                <line num="67" type="stmt" count="0"/>
                <line num="73" type="method" name="bindValues" visibility="public" complexity="1" crap="2.00"
                      count="0"/>
                <line num="74" type="stmt" count="0"/>
                <line num="75" type="stmt" count="0"/>
                <line num="77" type="stmt" count="0"/>
                <line num="78" type="stmt" count="0"/>
                <line num="83" type="method" name="getValues" visibility="public" complexity="1" crap="2.00" count="0"/>
                <line num="84" type="stmt" count="0"/>
                <line num="85" type="stmt" count="0"/>
                <line num="86" type="stmt" count="0"/>
                <line num="100" type="method" name="where" visibility="public" complexity="1" crap="2.00" count="0"/>
                <line num="101" type="stmt" count="0"/>
                <line num="102" type="stmt" count="0"/>
                <line num="103" type="stmt" count="0"/>
                <line num="104" type="stmt" count="0"/>
                <line num="120" type="method" name="orWhere" visibility="public" complexity="1" crap="2.00" count="0"/>
                <line num="121" type="stmt" count="0"/>
                <line num="122" type="stmt" count="0"/>
                <line num="123" type="stmt" count="0"/>
                <line num="124" type="stmt" count="0"/>
                <metrics loc="124" ncloc="63" classes="1" methods="8" coveredmethods="0" conditionals="0"
                         coveredconditionals="0" statements="32" coveredstatements="0" elements="40"
                         coveredelements="0"/>
            </file>
            <file name="/home/quantick/projects/homepage/framework/Database/ActiveRecord/Builder/Insert.php">
                <class name="QuantFrame\Database\ActiveRecord\Builder\Insert"
                       namespace="QuantFrame\Database\ActiveRecord\Builder">
                    <metrics complexity="12" methods="12" coveredmethods="0" conditionals="0" coveredconditionals="0"
                             statements="48" coveredstatements="0" elements="60" coveredelements="0"/>
                </class>
                <line num="27" type="method" name="__construct" visibility="public" complexity="1" crap="2.00"
                      count="0"/>
                <line num="28" type="stmt" count="0"/>
                <line num="29" type="stmt" count="0"/>
                <line num="30" type="stmt" count="0"/>
                <line num="31" type="stmt" count="0"/>
                <line num="32" type="stmt" count="0"/>
                <line num="33" type="stmt" count="0"/>
                <line num="34" type="stmt" count="0"/>
                <line num="39" type="method" name="execute" visibility="public" complexity="1" crap="2.00" count="0"/>
                <line num="40" type="stmt" count="0"/>
                <line num="41" type="stmt" count="0"/>
                <line num="42" type="stmt" count="0"/>
                <line num="47" type="method" name="toSql" visibility="public" complexity="1" crap="2.00" count="0"/>
                <line num="48" type="stmt" count="0"/>
                <line num="49" type="stmt" count="0"/>
                <line num="50" type="stmt" count="0"/>
                <line num="63" type="method" name="bindValue" visibility="public" complexity="1" crap="2.00" count="0"/>
                <line num="64" type="stmt" count="0"/>
                <line num="65" type="stmt" count="0"/>
                <line num="67" type="stmt" count="0"/>
                <line num="68" type="stmt" count="0"/>
                <line num="74" type="method" name="bindValues" visibility="public" complexity="1" crap="2.00"
                      count="0"/>
                <line num="75" type="stmt" count="0"/>
                <line num="76" type="stmt" count="0"/>
                <line num="78" type="stmt" count="0"/>
                <line num="79" type="stmt" count="0"/>
                <line num="84" type="method" name="getValues" visibility="public" complexity="1" crap="2.00" count="0"/>
                <line num="85" type="stmt" count="0"/>
                <line num="86" type="stmt" count="0"/>
                <line num="87" type="stmt" count="0"/>
                <line num="93" type="method" name="into" visibility="public" complexity="1" crap="2.00" count="0"/>
                <line num="94" type="stmt" count="0"/>
                <line num="95" type="stmt" count="0"/>
                <line num="97" type="stmt" count="0"/>
                <line num="98" type="stmt" count="0"/>
                <line num="110" type="method" name="col" visibility="public" complexity="1" crap="2.00" count="0"/>
                <line num="111" type="stmt" count="0"/>
                <line num="112" type="stmt" count="0"/>
                <line num="113" type="stmt" count="0"/>
                <line num="114" type="stmt" count="0"/>
                <line num="129" type="method" name="cols" visibility="public" complexity="1" crap="2.00" count="0"/>
                <line num="130" type="stmt" count="0"/>
                <line num="131" type="stmt" count="0"/>
                <line num="133" type="stmt" count="0"/>
                <line num="134" type="stmt" count="0"/>
                <line num="148" type="method" name="set" visibility="public" complexity="1" crap="2.00" count="0"/>
                <line num="149" type="stmt" count="0"/>
                <line num="150" type="stmt" count="0"/>
                <line num="152" type="stmt" count="0"/>
                <line num="153" type="stmt" count="0"/>
                <line num="165" type="method" name="addRows" visibility="public" complexity="1" crap="2.00" count="0"/>
                <line num="166" type="stmt" count="0"/>
                <line num="168" type="stmt" count="0"/>
                <line num="170" type="stmt" count="0"/>
                <line num="171" type="stmt" count="0"/>
                <line num="190" type="method" name="addRow" visibility="public" complexity="1" crap="2.00" count="0"/>
                <line num="191" type="stmt" count="0"/>
                <line num="193" type="stmt" count="0"/>
                <line num="195" type="stmt" count="0"/>
                <line num="196" type="stmt" count="0"/>
                <metrics loc="196" ncloc="93" classes="1" methods="12" coveredmethods="0" conditionals="0"
                         coveredconditionals="0" statements="48" coveredstatements="0" elements="60"
                         coveredelements="0"/>
            </file>
            <file name="/home/quantick/projects/homepage/framework/Database/ActiveRecord/Builder/Query.php">
                <class name="QuantFrame\Database\ActiveRecord\Builder\Query"
                       namespace="QuantFrame\Database\ActiveRecord\Builder" fullPackage="QuantFrame"
                       package="QuantFrame">
                    <metrics complexity="8" methods="7" coveredmethods="4" conditionals="0" coveredconditionals="0"
                             statements="9" coveredstatements="6" elements="16" coveredelements="10"/>
                </class>
                <line num="30" type="method" name="__construct" visibility="public" complexity="1" crap="1" count="4"/>
                <line num="32" type="stmt" count="4"/>
                <line num="33" type="stmt" count="4"/>
                <line num="34" type="stmt" count="4"/>
                <line num="41" type="method" name="execute" visibility="public" complexity="1" crap="1" count="1"/>
                <line num="43" type="stmt" count="1"/>
                <line num="50" type="method" name="select" visibility="public" complexity="2" crap="2" count="4"/>
                <line num="52" type="stmt" count="4"/>
                <line num="58" type="method" name="getTableName" visibility="private" complexity="1" crap="1"
                      count="4"/>
                <line num="60" type="stmt" count="4"/>
                <line num="66" type="method" name="update" visibility="public" complexity="1" crap="2.00" count="0"/>
                <line num="68" type="stmt" count="0"/>
                <line num="74" type="method" name="insert" visibility="public" complexity="1" crap="2.00" count="0"/>
                <line num="76" type="stmt" count="0"/>
                <line num="82" type="method" name="delete" visibility="public" complexity="1" crap="2.00" count="0"/>
                <line num="84" type="stmt" count="0"/>
                <metrics loc="85" ncloc="50" classes="1" methods="7" coveredmethods="4" conditionals="0"
                         coveredconditionals="0" statements="9" coveredstatements="6" elements="16"
                         coveredelements="10"/>
            </file>
            <file name="/home/quantick/projects/homepage/framework/Database/ActiveRecord/Builder/Select.php">
                <class name="QuantFrame\Database\ActiveRecord\Builder\Select"
                       namespace="QuantFrame\Database\ActiveRecord\Builder" fullPackage="QuantFrame"
                       package="QuantFrame">
                    <metrics complexity="29" methods="27" coveredmethods="8" conditionals="0" coveredconditionals="0"
                             statements="51" coveredstatements="15" elements="78" coveredelements="23"/>
                </class>
                <line num="30" type="method" name="__construct" visibility="public" complexity="1" crap="1" count="4"/>
                <line num="35" type="stmt" count="4"/>
                <line num="36" type="stmt" count="4"/>
                <line num="37" type="stmt" count="4"/>
                <line num="42" type="method" name="toSql" visibility="public" complexity="1" crap="1" count="1"/>
                <line num="44" type="stmt" count="1"/>
                <line num="50" type="method" name="getValues" visibility="public" complexity="1" crap="1" count="1"/>
                <line num="52" type="stmt" count="1"/>
                <line num="59" type="method" name="orderBy" visibility="public" complexity="1" crap="1" count="1"/>
                <line num="61" type="stmt" count="1"/>
                <line num="63" type="stmt" count="1"/>
                <line num="70" type="method" name="where" visibility="public" complexity="1" crap="1" count="2"/>
                <line num="72" type="stmt" count="2"/>
                <line num="74" type="stmt" count="2"/>
                <line num="81" type="method" name="orWhere" visibility="public" complexity="1" crap="2.00" count="0"/>
                <line num="83" type="stmt" count="0"/>
                <line num="85" type="stmt" count="0"/>
                <line num="99" type="method" name="bindValue" visibility="public" complexity="1" crap="1" count="1"/>
                <line num="101" type="stmt" count="1"/>
                <line num="103" type="stmt" count="1"/>
                <line num="110" type="method" name="bindValues" visibility="public" complexity="1" crap="2.00"
                      count="0"/>
                <line num="112" type="stmt" count="0"/>
                <line num="114" type="stmt" count="0"/>
                <line num="126" type="method" name="setPaging" visibility="public" complexity="1" crap="2.00"
                      count="0"/>
                <line num="128" type="stmt" count="0"/>
                <line num="130" type="stmt" count="0"/>
                <line num="143" type="method" name="forUpdate" visibility="public" complexity="1" crap="2.00"
                      count="0"/>
                <line num="145" type="stmt" count="0"/>
                <line num="147" type="stmt" count="0"/>
                <line num="160" type="method" name="distinct" visibility="public" complexity="1" crap="2.00" count="0"/>
                <line num="162" type="stmt" count="0"/>
                <line num="164" type="stmt" count="0"/>
                <line num="179" type="method" name="cols" visibility="public" complexity="1" crap="2.00" count="0"/>
                <line num="181" type="stmt" count="0"/>
                <line num="183" type="stmt" count="0"/>
                <line num="195" type="method" name="from" visibility="public" complexity="1" crap="2.00" count="0"/>
                <line num="197" type="stmt" count="0"/>
                <line num="199" type="stmt" count="0"/>
                <line num="212" type="method" name="fromRaw" visibility="public" complexity="1" crap="2.00" count="0"/>
                <line num="214" type="stmt" count="0"/>
                <line num="216" type="stmt" count="0"/>
                <line num="231" type="method" name="fromSubSelect" visibility="public" complexity="2" crap="6.00"
                      count="0"/>
                <line num="234" type="stmt" count="0"/>
                <line num="236" type="stmt" count="0"/>
                <line num="243" type="method" name="_getAuraSelect" visibility="public" complexity="1" crap="2.00"
                      count="0"/>
                <line num="245" type="stmt" count="0"/>
                <line num="262" type="method" name="join" visibility="public" complexity="1" crap="2.00" count="0"/>
                <line num="264" type="stmt" count="0"/>
                <line num="266" type="stmt" count="0"/>
                <line num="287" type="method" name="joinSubSelect" visibility="public" complexity="2" crap="6.00"
                      count="0"/>
                <line num="290" type="stmt" count="0"/>
                <line num="292" type="stmt" count="0"/>
                <line num="304" type="method" name="groupBy" visibility="public" complexity="1" crap="1" count="1"/>
                <line num="306" type="stmt" count="1"/>
                <line num="308" type="stmt" count="1"/>
                <line num="336" type="method" name="having" visibility="public" complexity="1" crap="2.00" count="0"/>
                <line num="338" type="stmt" count="0"/>
                <line num="340" type="stmt" count="0"/>
                <line num="355" type="method" name="orHaving" visibility="public" complexity="1" crap="2.00" count="0"/>
                <line num="357" type="stmt" count="0"/>
                <line num="359" type="stmt" count="0"/>
                <line num="366" type="method" name="limit" visibility="public" complexity="1" crap="2.00" count="0"/>
                <line num="368" type="stmt" count="0"/>
                <line num="370" type="stmt" count="0"/>
                <line num="382" type="method" name="page" visibility="public" complexity="1" crap="2.00" count="0"/>
                <line num="384" type="stmt" count="0"/>
                <line num="386" type="stmt" count="0"/>
                <line num="397" type="method" name="union" visibility="public" complexity="1" crap="2.00" count="0"/>
                <line num="399" type="stmt" count="0"/>
                <line num="401" type="stmt" count="0"/>
                <line num="412" type="method" name="unionAll" visibility="public" complexity="1" crap="2.00" count="0"/>
                <line num="414" type="stmt" count="0"/>
                <line num="416" type="stmt" count="0"/>
                <line num="422" type="method" name="get" visibility="public" complexity="1" crap="2.00" count="0"/>
                <line num="424" type="stmt" count="0"/>
                <line num="430" type="method" name="first" visibility="public" complexity="1" crap="1" count="1"/>
                <line num="432" type="stmt" count="1"/>
                <line num="433" type="stmt" count="1"/>
                <metrics loc="435" ncloc="196" classes="1" methods="27" coveredmethods="8" conditionals="0"
                         coveredconditionals="0" statements="51" coveredstatements="15" elements="78"
                         coveredelements="23"/>
            </file>
            <file name="/home/quantick/projects/homepage/framework/Database/ActiveRecord/Builder/Update.php">
                <class name="QuantFrame\Database\ActiveRecord\Builder\Update"
                       namespace="QuantFrame\Database\ActiveRecord\Builder">
                    <metrics complexity="12" methods="12" coveredmethods="0" conditionals="0" coveredconditionals="0"
                             statements="48" coveredstatements="0" elements="60" coveredelements="0"/>
                </class>
                <line num="26" type="method" name="__construct" visibility="public" complexity="1" crap="2.00"
                      count="0"/>
                <line num="27" type="stmt" count="0"/>
                <line num="28" type="stmt" count="0"/>
                <line num="29" type="stmt" count="0"/>
                <line num="30" type="stmt" count="0"/>
                <line num="31" type="stmt" count="0"/>
                <line num="32" type="stmt" count="0"/>
                <line num="33" type="stmt" count="0"/>
                <line num="38" type="method" name="execute" visibility="public" complexity="1" crap="2.00" count="0"/>
                <line num="39" type="stmt" count="0"/>
                <line num="40" type="stmt" count="0"/>
                <line num="41" type="stmt" count="0"/>
                <line num="46" type="method" name="toSql" visibility="public" complexity="1" crap="2.00" count="0"/>
                <line num="47" type="stmt" count="0"/>
                <line num="48" type="stmt" count="0"/>
                <line num="49" type="stmt" count="0"/>
                <line num="62" type="method" name="bindValue" visibility="public" complexity="1" crap="2.00" count="0"/>
                <line num="63" type="stmt" count="0"/>
                <line num="64" type="stmt" count="0"/>
                <line num="66" type="stmt" count="0"/>
                <line num="67" type="stmt" count="0"/>
                <line num="73" type="method" name="bindValues" visibility="public" complexity="1" crap="2.00"
                      count="0"/>
                <line num="74" type="stmt" count="0"/>
                <line num="75" type="stmt" count="0"/>
                <line num="77" type="stmt" count="0"/>
                <line num="78" type="stmt" count="0"/>
                <line num="83" type="method" name="getValues" visibility="public" complexity="1" crap="2.00" count="0"/>
                <line num="84" type="stmt" count="0"/>
                <line num="85" type="stmt" count="0"/>
                <line num="86" type="stmt" count="0"/>
                <line num="97" type="method" name="table" visibility="public" complexity="1" crap="2.00" count="0"/>
                <line num="98" type="stmt" count="0"/>
                <line num="99" type="stmt" count="0"/>
                <line num="100" type="stmt" count="0"/>
                <line num="101" type="stmt" count="0"/>
                <line num="115" type="method" name="where" visibility="public" complexity="1" crap="2.00" count="0"/>
                <line num="116" type="stmt" count="0"/>
                <line num="117" type="stmt" count="0"/>
                <line num="118" type="stmt" count="0"/>
                <line num="119" type="stmt" count="0"/>
                <line num="135" type="method" name="orWhere" visibility="public" complexity="1" crap="2.00" count="0"/>
                <line num="136" type="stmt" count="0"/>
                <line num="137" type="stmt" count="0"/>
                <line num="138" type="stmt" count="0"/>
                <line num="139" type="stmt" count="0"/>
                <line num="151" type="method" name="col" visibility="public" complexity="1" crap="2.00" count="0"/>
                <line num="152" type="stmt" count="0"/>
                <line num="153" type="stmt" count="0"/>
                <line num="154" type="stmt" count="0"/>
                <line num="155" type="stmt" count="0"/>
                <line num="170" type="method" name="cols" visibility="public" complexity="1" crap="2.00" count="0"/>
                <line num="171" type="stmt" count="0"/>
                <line num="172" type="stmt" count="0"/>
                <line num="174" type="stmt" count="0"/>
                <line num="175" type="stmt" count="0"/>
                <line num="189" type="method" name="set" visibility="public" complexity="1" crap="2.00" count="0"/>
                <line num="190" type="stmt" count="0"/>
                <line num="191" type="stmt" count="0"/>
                <line num="193" type="stmt" count="0"/>
                <line num="194" type="stmt" count="0"/>
                <metrics loc="194" ncloc="89" classes="1" methods="12" coveredmethods="0" conditionals="0"
                         coveredconditionals="0" statements="48" coveredstatements="0" elements="60"
                         coveredelements="0"/>
            </file>
        </package>
        <package name="QuantFrame\Database\ActiveRecord">
            <file name="/home/quantick/projects/homepage/framework/Database/ActiveRecord/Record.php">
                <class name="QuantFrame\Database\ActiveRecord\Record" namespace="QuantFrame\Database\ActiveRecord">
                    <metrics complexity="41" methods="15" coveredmethods="8" conditionals="0" coveredconditionals="0"
                             statements="136" coveredstatements="16" elements="151" coveredelements="24"/>
                </class>
                <line num="43" type="method" name="initialize" visibility="public" complexity="1" crap="1" count="2"/>
                <line num="45" type="stmt" count="2"/>
                <line num="46" type="stmt" count="2"/>
                <line num="52" type="method" name="getTableName" visibility="public" complexity="1" crap="1" count="4"/>
                <line num="54" type="stmt" count="4"/>
                <line num="60" type="method" name="builder" visibility="public" complexity="1" crap="1" count="4"/>
                <line num="62" type="stmt" count="4"/>
                <line num="69" type="method" name="where" visibility="public" complexity="1" crap="1" count="1"/>
                <line num="71" type="stmt" count="1"/>
                <line num="78" type="method" name="orderBy" visibility="public" complexity="1" crap="1" count="1"/>
                <line num="80" type="stmt" count="1"/>
                <line num="87" type="method" name="groupBy" visibility="public" complexity="1" crap="1" count="1"/>
                <line num="89" type="stmt" count="1"/>
                <line num="97" type="method" name="raw" visibility="public" complexity="1" crap="1" count="1"/>
                <line num="101" type="stmt" count="1"/>
                <line num="103" type="stmt" count="1"/>
                <line num="104" type="stmt" count="1"/>
                <line num="113" type="method" name="execute" visibility="public" complexity="7" crap="35.91" count="1"/>
                <line num="116" type="stmt" count="1"/>
                <line num="117" type="stmt" count="1"/>
                <line num="118" type="stmt" count="1"/>
                <line num="120" type="stmt" count="1"/>
                <line num="121" type="stmt" count="0"/>
                <line num="123" type="stmt" count="0"/>
                <line num="125" type="stmt" count="0"/>
                <line num="126" type="stmt" count="0"/>
                <line num="130" type="stmt" count="0"/>
                <line num="132" type="stmt" count="0"/>
                <line num="133" type="stmt" count="0"/>
                <line num="136" type="stmt" count="0"/>
                <line num="139" type="stmt" count="0"/>
                <line num="140" type="stmt" count="0"/>
                <line num="141" type="stmt" count="0"/>
                <line num="143" type="stmt" count="0"/>
                <line num="144" type="stmt" count="0"/>
                <line num="146" type="stmt" count="0"/>
                <line num="149" type="stmt" count="0"/>
                <line num="150" type="stmt" count="0"/>
                <line num="151" type="stmt" count="0"/>
                <line num="153" type="stmt" count="0"/>
                <line num="154" type="stmt" count="0"/>
                <line num="156" type="stmt" count="0"/>
                <line num="159" type="stmt" count="0"/>
                <line num="160" type="stmt" count="0"/>
                <line num="161" type="stmt" count="0"/>
                <line num="163" type="stmt" count="0"/>
                <line num="165" type="stmt" count="0"/>
                <line num="168" type="stmt" count="0"/>
                <line num="170" type="stmt" count="1"/>
                <line num="177" type="method" name="find" visibility="public" complexity="2" crap="6.00" count="0"/>
                <line num="180" type="stmt" count="0"/>
                <line num="182" type="stmt" count="0"/>
                <line num="187" type="stmt" count="0"/>
                <line num="188" type="stmt" count="0"/>
                <line num="189" type="stmt" count="0"/>
                <line num="190" type="stmt" count="0"/>
                <line num="192" type="stmt" count="0"/>
                <line num="193" type="stmt" count="0"/>
                <line num="204" type="method" name="hydrate" visibility="public" complexity="8" crap="72.00" count="0"/>
                <line num="206" type="stmt" count="0"/>
                <line num="207" type="stmt" count="0"/>
                <line num="208" type="stmt" count="0"/>
                <line num="209" type="stmt" count="0"/>
                <line num="210" type="stmt" count="0"/>
                <line num="212" type="stmt" count="0"/>
                <line num="213" type="stmt" count="0"/>
                <line num="214" type="stmt" count="0"/>
                <line num="216" type="stmt" count="0"/>
                <line num="218" type="stmt" count="0"/>
                <line num="220" type="stmt" count="0"/>
                <line num="221" type="stmt" count="0"/>
                <line num="222" type="stmt" count="0"/>
                <line num="223" type="stmt" count="0"/>
                <line num="224" type="stmt" count="0"/>
                <line num="225" type="stmt" count="0"/>
                <line num="226" type="stmt" count="0"/>
                <line num="227" type="stmt" count="0"/>
                <line num="228" type="stmt" count="0"/>
                <line num="229" type="stmt" count="0"/>
                <line num="230" type="stmt" count="0"/>
                <line num="231" type="stmt" count="0"/>
                <line num="235" type="stmt" count="0"/>
                <line num="241" type="method" name="create" visibility="public" complexity="1" crap="1" count="8"/>
                <line num="243" type="stmt" count="8"/>
                <line num="250" type="method" name="getPrimaryKeyValue" visibility="private" complexity="1" crap="2.00"
                      count="0"/>
                <line num="252" type="stmt" count="0"/>
                <line num="253" type="stmt" count="0"/>
                <line num="255" type="stmt" count="0"/>
                <line num="256" type="stmt" count="0"/>
                <line num="263" type="method" name="setPrimaryKey" visibility="private" complexity="1" crap="2.00"
                      count="0"/>
                <line num="265" type="stmt" count="0"/>
                <line num="266" type="stmt" count="0"/>
                <line num="267" type="stmt" count="0"/>
                <line num="268" type="stmt" count="0"/>
                <line num="273" type="method" name="delete" visibility="public" complexity="2" crap="6.00" count="0"/>
                <line num="276" type="stmt" count="0"/>
                <line num="277" type="stmt" count="0"/>
                <line num="278" type="stmt" count="0"/>
                <line num="279" type="stmt" count="0"/>
                <line num="281" type="stmt" count="0"/>
                <line num="282" type="stmt" count="0"/>
                <line num="283" type="stmt" count="0"/>
                <line num="284" type="stmt" count="0"/>
                <line num="285" type="stmt" count="0"/>
                <line num="286" type="stmt" count="0"/>
                <line num="292" type="method" name="save" visibility="public" complexity="12" crap="156.00" count="0"/>
                <line num="295" type="stmt" count="0"/>
                <line num="296" type="stmt" count="0"/>
                <line num="301" type="stmt" count="0"/>
                <line num="304" type="stmt" count="0"/>
                <line num="308" type="stmt" count="0"/>
                <line num="310" type="stmt" count="0"/>
                <line num="311" type="stmt" count="0"/>
                <line num="312" type="stmt" count="0"/>
                <line num="315" type="stmt" count="0"/>
                <line num="318" type="stmt" count="0"/>
                <line num="320" type="stmt" count="0"/>
                <line num="321" type="stmt" count="0"/>
                <line num="324" type="stmt" count="0"/>
                <line num="325" type="stmt" count="0"/>
                <line num="326" type="stmt" count="0"/>
                <line num="327" type="stmt" count="0"/>
                <line num="328" type="stmt" count="0"/>
                <line num="331" type="stmt" count="0"/>
                <line num="332" type="stmt" count="0"/>
                <line num="335" type="stmt" count="0"/>
                <line num="338" type="stmt" count="0"/>
                <line num="340" type="stmt" count="0"/>
                <line num="341" type="stmt" count="0"/>
                <line num="342" type="stmt" count="0"/>
                <line num="343" type="stmt" count="0"/>
                <line num="344" type="stmt" count="0"/>
                <line num="345" type="stmt" count="0"/>
                <line num="346" type="stmt" count="0"/>
                <line num="347" type="stmt" count="0"/>
                <line num="349" type="stmt" count="0"/>
                <line num="350" type="stmt" count="0"/>
                <line num="351" type="stmt" count="0"/>
                <line num="358" type="stmt" count="0"/>
                <line num="359" type="stmt" count="0"/>
                <line num="360" type="stmt" count="0"/>
                <line num="362" type="stmt" count="0"/>
                <line num="365" type="stmt" count="0"/>
                <line num="369" type="stmt" count="0"/>
                <line num="371" type="stmt" count="0"/>
                <line num="372" type="stmt" count="0"/>
                <line num="373" type="stmt" count="0"/>
                <line num="376" type="stmt" count="0"/>
                <line num="377" type="stmt" count="0"/>
                <line num="380" type="stmt" count="0"/>
                <line num="381" type="stmt" count="0"/>
                <metrics loc="382" ncloc="284" classes="1" methods="15" coveredmethods="8" conditionals="0"
                         coveredconditionals="0" statements="136" coveredstatements="16" elements="151"
                         coveredelements="24"/>
            </file>
        </package>
        <package name="QuantFrame\Database\ActiveRecord\Storage">
            <file name="/home/quantick/projects/homepage/framework/Database/ActiveRecord/Storage/MysqlStorage.php">
                <class name="QuantFrame\Database\ActiveRecord\Storage\MysqlStorage"
                       namespace="QuantFrame\Database\ActiveRecord\Storage">
                    <metrics complexity="5" methods="2" coveredmethods="2" conditionals="0" coveredconditionals="0"
                             statements="12" coveredstatements="12" elements="14" coveredelements="14"/>
                </class>
                <line num="24" type="method" name="__construct" visibility="public" complexity="1" crap="1" count="2"/>
                <line num="26" type="stmt" count="2"/>
                <line num="27" type="stmt" count="2"/>
                <line num="34" type="method" name="execute" visibility="public" complexity="4" crap="4" count="2"/>
                <line num="38" type="stmt" count="2"/>
                <line num="40" type="stmt" count="2"/>
                <line num="41" type="stmt" count="1"/>
                <line num="42" type="stmt" count="1"/>
                <line num="43" type="stmt" count="1"/>
                <line num="44" type="stmt" count="1"/>
                <line num="47" type="stmt" count="1"/>
                <line num="50" type="stmt" count="1"/>
                <line num="51" type="stmt" count="1"/>
                <line num="53" type="stmt" count="2"/>
                <metrics loc="55" ncloc="42" classes="1" methods="2" coveredmethods="2" conditionals="0"
                         coveredconditionals="0" statements="12" coveredstatements="12" elements="14"
                         coveredelements="14"/>
            </file>
            <file name="/home/quantick/projects/homepage/framework/Database/ActiveRecord/Storage/StorageResult.php">
                <class name="QuantFrame\Database\ActiveRecord\Storage\StorageResult"
                       namespace="QuantFrame\Database\ActiveRecord\Storage" fullPackage="QuantFrame"
                       package="QuantFrame">
                    <metrics complexity="4" methods="2" coveredmethods="2" conditionals="0" coveredconditionals="0"
                             statements="5" coveredstatements="5" elements="7" coveredelements="7"/>
                </class>
                <line num="34" type="method" name="__construct" visibility="public" complexity="2" crap="2" count="4"/>
                <line num="36" type="stmt" count="4"/>
                <line num="37" type="stmt" count="4"/>
                <line num="38" type="stmt" count="4"/>
                <line num="39" type="stmt" count="4"/>
                <line num="47" type="method" name="create" visibility="public" complexity="2" crap="2" count="4"/>
                <line num="49" type="stmt" count="4"/>
                <metrics loc="50" ncloc="25" classes="1" methods="2" coveredmethods="2" conditionals="0"
                         coveredconditionals="0" statements="5" coveredstatements="5" elements="7" coveredelements="7"/>
            </file>
        </package>
        <file name="/home/quantick/projects/homepage/framework/Database/ActiveRecord/Storage/StorageInterface.php">
            <metrics loc="15" ncloc="10" classes="0" methods="0" coveredmethods="0" conditionals="0"
                     coveredconditionals="0" statements="0" coveredstatements="0" elements="0" coveredelements="0"/>
        </file>
        <package name="QuantFrame\Database">
            <file name="/home/quantick/projects/homepage/framework/Database/Repository.php">
                <class name="QuantFrame\Database\Repository" namespace="QuantFrame\Database">
                    <metrics complexity="1" methods="0" coveredmethods="0" conditionals="0" coveredconditionals="0"
                             statements="0" coveredstatements="0" elements="0" coveredelements="0"/>
                </class>
                <metrics loc="15" ncloc="11" classes="0" methods="0" coveredmethods="0" conditionals="0"
                         coveredconditionals="0" statements="0" coveredstatements="0" elements="0" coveredelements="0"/>
            </file>
        </package>
        <file name="/home/quantick/projects/homepage/framework/Database/RepositoryInterface.php">
            <metrics loc="15" ncloc="11" classes="0" methods="0" coveredmethods="0" conditionals="0"
                     coveredconditionals="0" statements="0" coveredstatements="0" elements="0" coveredelements="0"/>
        </file>
        <package name="QuantFrame\Http">
            <file name="/home/quantick/projects/homepage/framework/Http/Controller.php">
                <class name="QuantFrame\Http\Controller" namespace="QuantFrame\Http">
                    <metrics complexity="1" methods="1" coveredmethods="0" conditionals="0" coveredconditionals="0"
                             statements="4" coveredstatements="0" elements="5" coveredelements="0"/>
                </class>
                <line num="24" type="method" name="setRequest" visibility="public" complexity="1" crap="2.00"
                      count="0"/>
                <line num="25" type="stmt" count="0"/>
                <line num="26" type="stmt" count="0"/>
                <line num="27" type="stmt" count="0"/>
                <line num="28" type="stmt" count="0"/>
                <metrics loc="28" ncloc="19" classes="1" methods="1" coveredmethods="0" conditionals="0"
                         coveredconditionals="0" statements="4" coveredstatements="0" elements="5" coveredelements="0"/>
            </file>
            <file name="/home/quantick/projects/homepage/framework/Http/Handler.php">
                <class name="QuantFrame\Http\Handler" namespace="QuantFrame\Http">
                    <metrics complexity="2" methods="2" coveredmethods="0" conditionals="0" coveredconditionals="0"
                             statements="12" coveredstatements="0" elements="14" coveredelements="0"/>
                </class>
                <line num="28" type="method" name="__construct" visibility="public" complexity="1" crap="2.00"
                      count="0"/>
                <line num="29" type="stmt" count="0"/>
                <line num="30" type="stmt" count="0"/>
                <line num="31" type="stmt" count="0"/>
                <line num="32" type="stmt" count="0"/>
                <line num="33" type="stmt" count="0"/>
                <line num="34" type="stmt" count="0"/>
                <line num="35" type="stmt" count="0"/>
                <line num="36" type="stmt" count="0"/>
                <line num="37" type="stmt" count="0"/>
                <line num="45" type="method" name="create" visibility="public" complexity="1" crap="2.00" count="0"/>
                <line num="46" type="stmt" count="0"/>
                <line num="47" type="stmt" count="0"/>
                <line num="48" type="stmt" count="0"/>
                <metrics loc="49" ncloc="28" classes="1" methods="2" coveredmethods="0" conditionals="0"
                         coveredconditionals="0" statements="12" coveredstatements="0" elements="14"
                         coveredelements="0"/>
            </file>
            <file name="/home/quantick/projects/homepage/framework/Http/Session.php">
                <class name="QuantFrame\Http\Session" namespace="QuantFrame\Http">
                    <metrics complexity="6" methods="5" coveredmethods="0" conditionals="0" coveredconditionals="0"
                             statements="11" coveredstatements="0" elements="16" coveredelements="0"/>
                </class>
                <line num="21" type="method" name="__construct" visibility="public" complexity="1" crap="2.00"
                      count="0"/>
                <line num="23" type="stmt" count="0"/>
                <line num="24" type="stmt" count="0"/>
                <line num="29" type="method" name="getId" visibility="public" complexity="2" crap="6.00" count="0"/>
                <line num="31" type="stmt" count="0"/>
                <line num="38" type="method" name="get" visibility="public" complexity="1" crap="2.00" count="0"/>
                <line num="40" type="stmt" count="0"/>
                <line num="48" type="method" name="set" visibility="public" complexity="1" crap="2.00" count="0"/>
                <line num="51" type="stmt" count="0"/>
                <line num="52" type="stmt" count="0"/>
                <line num="53" type="stmt" count="0"/>
                <line num="54" type="stmt" count="0"/>
                <line num="60" type="method" name="destroy" visibility="public" complexity="1" crap="2.00" count="0"/>
                <line num="63" type="stmt" count="0"/>
                <line num="64" type="stmt" count="0"/>
                <line num="65" type="stmt" count="0"/>
                <metrics loc="68" ncloc="46" classes="1" methods="5" coveredmethods="0" conditionals="0"
                         coveredconditionals="0" statements="11" coveredstatements="0" elements="16"
                         coveredelements="0"/>
            </file>
        </package>
        <package name="QuantFrame\Http\Middleware">
            <file name="/home/quantick/projects/homepage/framework/Http/Middleware/CheckAuthMiddleware.php">
                <class name="QuantFrame\Http\Middleware\CheckAuthMiddleware" namespace="QuantFrame\Http\Middleware">
                    <metrics complexity="3" methods="2" coveredmethods="0" conditionals="0" coveredconditionals="0"
                             statements="18" coveredstatements="0" elements="20" coveredelements="0"/>
                </class>
                <line num="33" type="method" name="__construct" visibility="public" complexity="1" crap="2.00"
                      count="0"/>
                <line num="34" type="stmt" count="0"/>
                <line num="35" type="stmt" count="0"/>
                <line num="36" type="stmt" count="0"/>
                <line num="37" type="stmt" count="0"/>
                <line num="46" type="method" name="handleRequest" visibility="public" complexity="2" crap="6.00"
                      count="0"/>
                <line num="47" type="stmt" count="0"/>
                <line num="50" type="stmt" count="0"/>
                <line num="51" type="stmt" count="0"/>
                <line num="52" type="stmt" count="0"/>
                <line num="53" type="stmt" count="0"/>
                <line num="54" type="stmt" count="0"/>
                <line num="55" type="stmt" count="0"/>
                <line num="57" type="stmt" count="0"/>
                <line num="58" type="stmt" count="0"/>
                <line num="59" type="stmt" count="0"/>
                <line num="60" type="stmt" count="0"/>
                <line num="63" type="stmt" count="0"/>
                <line num="64" type="stmt" count="0"/>
                <line num="65" type="stmt" count="0"/>
                <metrics loc="65" ncloc="47" classes="1" methods="2" coveredmethods="0" conditionals="0"
                         coveredconditionals="0" statements="18" coveredstatements="0" elements="20"
                         coveredelements="0"/>
            </file>
            <file name="/home/quantick/projects/homepage/framework/Http/Middleware/OpenSessionMiddleware.php">
                <class name="QuantFrame\Http\Middleware\OpenSessionMiddleware" namespace="QuantFrame\Http\Middleware">
                    <metrics complexity="1" methods="1" coveredmethods="0" conditionals="0" coveredconditionals="0"
                             statements="8" coveredstatements="0" elements="9" coveredelements="0"/>
                </class>
                <line num="23" type="method" name="handleRequest" visibility="public" complexity="1" crap="2.00"
                      count="0"/>
                <line num="24" type="stmt" count="0"/>
                <line num="27" type="stmt" count="0"/>
                <line num="28" type="stmt" count="0"/>
                <line num="29" type="stmt" count="0"/>
                <line num="30" type="stmt" count="0"/>
                <line num="32" type="stmt" count="0"/>
                <line num="33" type="stmt" count="0"/>
                <line num="34" type="stmt" count="0"/>
                <metrics loc="34" ncloc="27" classes="1" methods="1" coveredmethods="0" conditionals="0"
                         coveredconditionals="0" statements="8" coveredstatements="0" elements="9" coveredelements="0"/>
            </file>
            <file name="/home/quantick/projects/homepage/framework/Http/Middleware/RequestTimeMiddleware.php">
                <class name="QuantFrame\Http\Middleware\RequestTimeMiddleware" namespace="QuantFrame\Http\Middleware">
                    <metrics complexity="1" methods="1" coveredmethods="0" conditionals="0" coveredconditionals="0"
                             statements="8" coveredstatements="0" elements="9" coveredelements="0"/>
                </class>
                <line num="22" type="method" name="handleRequest" visibility="public" complexity="1" crap="2.00"
                      count="0"/>
                <line num="23" type="stmt" count="0"/>
                <line num="25" type="stmt" count="0"/>
                <line num="28" type="stmt" count="0"/>
                <line num="29" type="stmt" count="0"/>
                <line num="30" type="stmt" count="0"/>
                <line num="32" type="stmt" count="0"/>
                <line num="33" type="stmt" count="0"/>
                <line num="34" type="stmt" count="0"/>
                <metrics loc="34" ncloc="27" classes="1" methods="1" coveredmethods="0" conditionals="0"
                         coveredconditionals="0" statements="8" coveredstatements="0" elements="9" coveredelements="0"/>
            </file>
        </package>
        <package name="QuantFrame\Http\Request">
            <file name="/home/quantick/projects/homepage/framework/Http/Request/Request.php">
                <class name="QuantFrame\Http\Request\Request" namespace="QuantFrame\Http\Request">
                    <metrics complexity="5" methods="5" coveredmethods="0" conditionals="0" coveredconditionals="0"
                             statements="41" coveredstatements="0" elements="46" coveredelements="0"/>
                </class>
                <line num="54" type="method" name="__construct" visibility="public" complexity="1" crap="2.00"
                      count="0"/>
                <line num="55" type="stmt" count="0"/>
                <line num="56" type="stmt" count="0"/>
                <line num="57" type="stmt" count="0"/>
                <line num="58" type="stmt" count="0"/>
                <line num="59" type="stmt" count="0"/>
                <line num="60" type="stmt" count="0"/>
                <line num="61" type="stmt" count="0"/>
                <line num="62" type="stmt" count="0"/>
                <line num="63" type="stmt" count="0"/>
                <line num="64" type="stmt" count="0"/>
                <line num="65" type="stmt" count="0"/>
                <line num="66" type="stmt" count="0"/>
                <line num="67" type="stmt" count="0"/>
                <line num="68" type="stmt" count="0"/>
                <line num="69" type="stmt" count="0"/>
                <line num="70" type="stmt" count="0"/>
                <line num="71" type="stmt" count="0"/>
                <line num="77" type="method" name="file" visibility="public" complexity="1" crap="2.00" count="0"/>
                <line num="78" type="stmt" count="0"/>
                <line num="79" type="stmt" count="0"/>
                <line num="80" type="stmt" count="0"/>
                <line num="86" type="method" name="query" visibility="public" complexity="1" crap="2.00" count="0"/>
                <line num="87" type="stmt" count="0"/>
                <line num="88" type="stmt" count="0"/>
                <line num="89" type="stmt" count="0"/>
                <line num="95" type="method" name="get" visibility="public" complexity="1" crap="2.00" count="0"/>
                <line num="96" type="stmt" count="0"/>
                <line num="97" type="stmt" count="0"/>
                <line num="98" type="stmt" count="0"/>
                <line num="105" type="method" name="createFromAmpRequest" visibility="public" complexity="1" crap="2.00"
                      count="0"/>
                <line num="106" type="stmt" count="0"/>
                <line num="109" type="stmt" count="0"/>
                <line num="110" type="stmt" count="0"/>
                <line num="112" type="stmt" count="0"/>
                <line num="113" type="stmt" count="0"/>
                <line num="114" type="stmt" count="0"/>
                <line num="115" type="stmt" count="0"/>
                <line num="116" type="stmt" count="0"/>
                <line num="117" type="stmt" count="0"/>
                <line num="118" type="stmt" count="0"/>
                <line num="119" type="stmt" count="0"/>
                <line num="120" type="stmt" count="0"/>
                <line num="121" type="stmt" count="0"/>
                <line num="122" type="stmt" count="0"/>
                <line num="123" type="stmt" count="0"/>
                <metrics loc="123" ncloc="73" classes="1" methods="5" coveredmethods="0" conditionals="0"
                         coveredconditionals="0" statements="41" coveredstatements="0" elements="46"
                         coveredelements="0"/>
            </file>
        </package>
        <package name="QuantFrame\Http\Response">
            <file name="/home/quantick/projects/homepage/framework/Http/Response/HtmlResponse.php">
                <class name="QuantFrame\Http\Response\HtmlResponse" namespace="QuantFrame\Http\Response">
                    <metrics complexity="1" methods="1" coveredmethods="0" conditionals="0" coveredconditionals="0"
                             statements="3" coveredstatements="0" elements="4" coveredelements="0"/>
                </class>
                <line num="17" type="method" name="getContentType" visibility="public" complexity="1" crap="2.00"
                      count="0"/>
                <line num="18" type="stmt" count="0"/>
                <line num="19" type="stmt" count="0"/>
                <line num="20" type="stmt" count="0"/>
                <metrics loc="20" ncloc="14" classes="1" methods="1" coveredmethods="0" conditionals="0"
                         coveredconditionals="0" statements="3" coveredstatements="0" elements="4" coveredelements="0"/>
            </file>
            <file name="/home/quantick/projects/homepage/framework/Http/Response/JsonResponse.php">
                <class name="QuantFrame\Http\Response\JsonResponse" namespace="QuantFrame\Http\Response">
                    <metrics complexity="2" methods="2" coveredmethods="0" conditionals="0" coveredconditionals="0"
                             statements="6" coveredstatements="0" elements="8" coveredelements="0"/>
                </class>
                <line num="20" type="method" name="__construct" visibility="public" complexity="1" crap="2.00"
                      count="0"/>
                <line num="21" type="stmt" count="0"/>
                <line num="22" type="stmt" count="0"/>
                <line num="23" type="stmt" count="0"/>
                <line num="28" type="method" name="getContentType" visibility="public" complexity="1" crap="2.00"
                      count="0"/>
                <line num="29" type="stmt" count="0"/>
                <line num="30" type="stmt" count="0"/>
                <line num="31" type="stmt" count="0"/>
                <metrics loc="31" ncloc="19" classes="1" methods="2" coveredmethods="0" conditionals="0"
                         coveredconditionals="0" statements="6" coveredstatements="0" elements="8" coveredelements="0"/>
            </file>
            <file name="/home/quantick/projects/homepage/framework/Http/Response/NotFoundResponse.php">
                <class name="QuantFrame\Http\Response\NotFoundResponse" namespace="QuantFrame\Http\Response">
                    <metrics complexity="2" methods="2" coveredmethods="0" conditionals="0" coveredconditionals="0"
                             statements="6" coveredstatements="0" elements="8" coveredelements="0"/>
                </class>
                <line num="12" type="method" name="__construct" visibility="public" complexity="1" crap="2.00"
                      count="0"/>
                <line num="13" type="stmt" count="0"/>
                <line num="14" type="stmt" count="0"/>
                <line num="15" type="stmt" count="0"/>
                <line num="18" type="method" name="getContentType" visibility="public" complexity="1" crap="2.00"
                      count="0"/>
                <line num="19" type="stmt" count="0"/>
                <line num="20" type="stmt" count="0"/>
                <line num="21" type="stmt" count="0"/>
                <metrics loc="21" ncloc="18" classes="1" methods="2" coveredmethods="0" conditionals="0"
                         coveredconditionals="0" statements="6" coveredstatements="0" elements="8" coveredelements="0"/>
            </file>
            <file name="/home/quantick/projects/homepage/framework/Http/Response/RedirectResponse.php">
                <class name="QuantFrame\Http\Response\RedirectResponse" namespace="QuantFrame\Http\Response">
                    <metrics complexity="2" methods="2" coveredmethods="0" conditionals="0" coveredconditionals="0"
                             statements="8" coveredstatements="0" elements="10" coveredelements="0"/>
                </class>
                <line num="19" type="method" name="__construct" visibility="public" complexity="1" crap="2.00"
                      count="0"/>
                <line num="20" type="stmt" count="0"/>
                <line num="21" type="stmt" count="0"/>
                <line num="22" type="stmt" count="0"/>
                <line num="23" type="stmt" count="0"/>
                <line num="24" type="stmt" count="0"/>
                <line num="26" type="method" name="getContentType" visibility="public" complexity="1" crap="2.00"
                      count="0"/>
                <line num="27" type="stmt" count="0"/>
                <line num="28" type="stmt" count="0"/>
                <line num="29" type="stmt" count="0"/>
                <metrics loc="29" ncloc="21" classes="1" methods="2" coveredmethods="0" conditionals="0"
                         coveredconditionals="0" statements="8" coveredstatements="0" elements="10"
                         coveredelements="0"/>
            </file>
            <file name="/home/quantick/projects/homepage/framework/Http/Response/Response.php">
                <class name="QuantFrame\Http\Response\Response" namespace="QuantFrame\Http\Response">
                    <metrics complexity="4" methods="4" coveredmethods="0" conditionals="0" coveredconditionals="0"
                             statements="15" coveredstatements="0" elements="19" coveredelements="0"/>
                </class>
                <line num="28" type="method" name="__construct" visibility="public" complexity="1" crap="2.00"
                      count="0"/>
                <line num="29" type="stmt" count="0"/>
                <line num="30" type="stmt" count="0"/>
                <line num="31" type="stmt" count="0"/>
                <line num="32" type="stmt" count="0"/>
                <line num="33" type="stmt" count="0"/>
                <line num="34" type="stmt" count="0"/>
                <line num="39" type="method" name="getData" visibility="public" complexity="1" crap="2.00" count="0"/>
                <line num="40" type="stmt" count="0"/>
                <line num="41" type="stmt" count="0"/>
                <line num="42" type="stmt" count="0"/>
                <line num="47" type="method" name="getHeaders" visibility="public" complexity="1" crap="2.00"
                      count="0"/>
                <line num="48" type="stmt" count="0"/>
                <line num="49" type="stmt" count="0"/>
                <line num="50" type="stmt" count="0"/>
                <line num="55" type="method" name="getStatusCode" visibility="public" complexity="1" crap="2.00"
                      count="0"/>
                <line num="56" type="stmt" count="0"/>
                <line num="57" type="stmt" count="0"/>
                <line num="58" type="stmt" count="0"/>
                <metrics loc="58" ncloc="34" classes="1" methods="4" coveredmethods="0" conditionals="0"
                         coveredconditionals="0" statements="15" coveredstatements="0" elements="19"
                         coveredelements="0"/>
            </file>
        </package>
        <file name="/home/quantick/projects/homepage/framework/Http/Response/ResponseInterface.php">
            <metrics loc="9" ncloc="9" classes="0" methods="0" coveredmethods="0" conditionals="0"
                     coveredconditionals="0" statements="0" coveredstatements="0" elements="0" coveredelements="0"/>
        </file>
        <package name="QuantFrame\View">
            <file name="/home/quantick/projects/homepage/framework/View/View.php">
                <class name="QuantFrame\View\View" namespace="QuantFrame\View">
                    <metrics complexity="3" methods="2" coveredmethods="2" conditionals="0" coveredconditionals="0"
                             statements="7" coveredstatements="7" elements="9" coveredelements="9"/>
                </class>
                <line num="26" type="method" name="__construct" visibility="public" complexity="1" crap="1" count="2"/>
                <line num="28" type="stmt" count="2"/>
                <line num="29" type="stmt" count="2"/>
                <line num="30" type="stmt" count="2"/>
                <line num="38" type="method" name="render" visibility="public" complexity="2" crap="2" count="2"/>
                <line num="41" type="stmt" count="2"/>
                <line num="42" type="stmt" count="1"/>
                <line num="43" type="stmt" count="1"/>
                <line num="45" type="stmt" count="1"/>
                <metrics loc="47" ncloc="30" classes="1" methods="2" coveredmethods="2" conditionals="0"
                         coveredconditionals="0" statements="7" coveredstatements="7" elements="9" coveredelements="9"/>
            </file>
        </package>
        <file name="/home/quantick/projects/homepage/framework/bootstrap.php">
            <line num="2" type="stmt" count="0"/>
            <line num="4" type="stmt" count="0"/>
            <line num="5" type="stmt" count="0"/>
            <metrics loc="4" ncloc="4" classes="0" methods="0" coveredmethods="0" conditionals="0"
                     coveredconditionals="0" statements="2" coveredstatements="0" elements="2" coveredelements="0"/>
        </file>
        <file name="/home/quantick/projects/homepage/framework/container.php">
            <line num="12" type="stmt" count="0"/>
            <line num="14" type="stmt" count="0"/>
            <line num="15" type="stmt" count="0"/>
            <line num="16" type="stmt" count="0"/>
            <line num="20" type="stmt" count="0"/>
            <line num="21" type="stmt" count="0"/>
            <line num="23" type="stmt" count="0"/>
            <line num="24" type="stmt" count="0"/>
            <line num="25" type="stmt" count="0"/>
            <line num="26" type="stmt" count="0"/>
            <line num="27" type="stmt" count="0"/>
            <line num="28" type="stmt" count="0"/>
            <line num="32" type="stmt" count="0"/>
            <line num="35" type="stmt" count="0"/>
            <line num="37" type="stmt" count="0"/>
            <metrics loc="36" ncloc="28" classes="0" methods="0" coveredmethods="0" conditionals="0"
                     coveredconditionals="0" statements="14" coveredstatements="0" elements="14" coveredelements="0"/>
        </file>
        <file name="/home/quantick/projects/homepage/framework/functions.php">
            <line num="7" type="stmt" count="0"/>
            <line num="12" type="stmt" count="0"/>
            <line num="17" type="stmt" count="0"/>
            <line num="22" type="stmt" count="0"/>
            <metrics loc="22" ncloc="22" classes="0" methods="0" coveredmethods="0" conditionals="0"
                     coveredconditionals="0" statements="4" coveredstatements="0" elements="4" coveredelements="0"/>
        </file>
        <metrics files="38" loc="2708" ncloc="1647" classes="25" methods="135" coveredmethods="41" conditionals="0"
                 coveredconditionals="0" statements="583" coveredstatements="124" elements="718" coveredelements="165"/>
    </project>
</coverage>
